2022-04-25 14:05:30.342  INFO [ProcessPensionService,,] 6580 --- [restartedMain] .c.ProcessPensionMicroserviceApplication : Starting ProcessPensionMicroserviceApplication using Java 1.8.0_141 on LTIN310484 with PID 6580 (C:\Users\894566\OneDrive - Cognizant\Desktop\FSE0\Pension management\PensionManagementSystem-master\PensionManagementSystem-master\process-pension-microservice\target\classes started by 894566 in C:\Users\894566\OneDrive - Cognizant\Desktop\FSE0\Pension management\PensionManagementSystem-master\PensionManagementSystem-master\process-pension-microservice)
2022-04-25 14:05:30.377  INFO [ProcessPensionService,,] 6580 --- [restartedMain] .c.ProcessPensionMicroserviceApplication : No active profile set, falling back to default profiles: default
2022-04-25 14:05:30.535  INFO [ProcessPensionService,,] 6580 --- [restartedMain] .e.DevToolsPropertyDefaultsPostProcessor : Devtools property defaults active! Set 'spring.devtools.add-properties' to 'false' to disable
2022-04-25 14:05:30.535  INFO [ProcessPensionService,,] 6580 --- [restartedMain] .e.DevToolsPropertyDefaultsPostProcessor : For additional web related logging consider setting the 'logging.level.web' property to 'DEBUG'
2022-04-25 14:05:32.908  INFO [ProcessPensionService,,] 6580 --- [restartedMain] .s.d.r.c.RepositoryConfigurationDelegate : Bootstrapping Spring Data JPA repositories in DEFAULT mode.
2022-04-25 14:05:33.014  INFO [ProcessPensionService,,] 6580 --- [restartedMain] .s.d.r.c.RepositoryConfigurationDelegate : Finished Spring Data repository scanning in 91 ms. Found 1 JPA repository interfaces.
2022-04-25 14:05:33.811  INFO [ProcessPensionService,,] 6580 --- [restartedMain] o.s.cloud.context.scope.GenericScope     : BeanFactory id=aedbabc9-619a-3221-8f27-00d06022321f
2022-04-25 14:05:35.878  INFO [ProcessPensionService,,] 6580 --- [restartedMain] o.s.b.w.embedded.tomcat.TomcatWebServer  : Tomcat initialized with port(s): 9084 (http)
2022-04-25 14:05:35.891  INFO [ProcessPensionService,,] 6580 --- [restartedMain] o.apache.catalina.core.StandardService   : Starting service [Tomcat]
2022-04-25 14:05:35.891  INFO [ProcessPensionService,,] 6580 --- [restartedMain] org.apache.catalina.core.StandardEngine  : Starting Servlet engine: [Apache Tomcat/9.0.50]
2022-04-25 14:05:36.054  INFO [ProcessPensionService,,] 6580 --- [restartedMain] o.a.c.c.C.[Tomcat].[localhost].[/]       : Initializing Spring embedded WebApplicationContext
2022-04-25 14:05:36.055  INFO [ProcessPensionService,,] 6580 --- [restartedMain] w.s.c.ServletWebServerApplicationContext : Root WebApplicationContext: initialization completed in 5518 ms
2022-04-25 14:05:36.173  INFO [ProcessPensionService,,] 6580 --- [restartedMain] com.zaxxer.hikari.HikariDataSource       : HikariPool-1 - Starting...
2022-04-25 14:05:36.574  INFO [ProcessPensionService,,] 6580 --- [restartedMain] com.zaxxer.hikari.HikariDataSource       : HikariPool-1 - Start completed.
2022-04-25 14:05:36.586  INFO [ProcessPensionService,,] 6580 --- [restartedMain] o.s.b.a.h2.H2ConsoleAutoConfiguration    : H2 console available at '/h2-console'. Database available at 'jdbc:h2:mem:testDB'
2022-04-25 14:05:37.626  INFO [ProcessPensionService,,] 6580 --- [restartedMain] o.hibernate.jpa.internal.util.LogHelper  : HHH000204: Processing PersistenceUnitInfo [name: default]
2022-04-25 14:05:37.714  INFO [ProcessPensionService,,] 6580 --- [restartedMain] org.hibernate.Version                    : HHH000412: Hibernate ORM core version 5.4.32.Final
2022-04-25 14:05:37.982  INFO [ProcessPensionService,,] 6580 --- [restartedMain] o.hibernate.annotations.common.Version   : HCANN000001: Hibernate Commons Annotations {5.1.2.Final}
2022-04-25 14:05:38.148  INFO [ProcessPensionService,,] 6580 --- [restartedMain] org.hibernate.dialect.Dialect            : HHH000400: Using dialect: org.hibernate.dialect.H2Dialect
2022-04-25 14:05:38.991  INFO [ProcessPensionService,,] 6580 --- [restartedMain] o.h.e.t.j.p.i.JtaPlatformInitiator       : HHH000490: Using JtaPlatform implementation: [org.hibernate.engine.transaction.jta.platform.internal.NoJtaPlatform]
2022-04-25 14:05:39.006  INFO [ProcessPensionService,,] 6580 --- [restartedMain] j.LocalContainerEntityManagerFactoryBean : Initialized JPA EntityManagerFactory for persistence unit 'default'
2022-04-25 14:05:39.081  WARN [ProcessPensionService,,] 6580 --- [restartedMain] o.s.b.d.a.OptionalLiveReloadServer       : Unable to start LiveReload server
2022-04-25 14:05:39.385  WARN [ProcessPensionService,,] 6580 --- [restartedMain] JpaBaseConfiguration$JpaWebConfiguration : spring.jpa.open-in-view is enabled by default. Therefore, database queries may be performed during view rendering. Explicitly configure spring.jpa.open-in-view to disable this warning
2022-04-25 14:05:43.105  INFO [ProcessPensionService,,] 6580 --- [restartedMain] o.s.b.w.embedded.tomcat.TomcatWebServer  : Tomcat started on port(s): 9084 (http) with context path ''
2022-04-25 14:05:43.759  INFO [ProcessPensionService,,] 6580 --- [restartedMain] d.s.w.p.DocumentationPluginsBootstrapper : Context refreshed
2022-04-25 14:05:43.783  INFO [ProcessPensionService,,] 6580 --- [restartedMain] d.s.w.p.DocumentationPluginsBootstrapper : Found 1 custom documentation plugin(s)
2022-04-25 14:05:43.801  INFO [ProcessPensionService,,] 6580 --- [restartedMain] s.d.s.w.s.ApiListingReferenceScanner     : Scanning for api listing references
2022-04-25 14:05:44.022  INFO [ProcessPensionService,,] 6580 --- [restartedMain] .c.ProcessPensionMicroserviceApplication : Started ProcessPensionMicroserviceApplication in 15.647 seconds (JVM running for 17.069)
2022-04-25 14:06:10.393  INFO [ProcessPensionService,,] 6580 --- [http-nio-9084-exec-1] o.a.c.c.C.[Tomcat].[localhost].[/]       : Initializing Spring DispatcherServlet 'dispatcherServlet'
2022-04-25 14:06:10.394  INFO [ProcessPensionService,,] 6580 --- [http-nio-9084-exec-1] o.s.web.servlet.DispatcherServlet        : Initializing Servlet 'dispatcherServlet'
2022-04-25 14:06:10.395  INFO [ProcessPensionService,,] 6580 --- [http-nio-9084-exec-1] o.s.web.servlet.DispatcherServlet        : Completed initialization in 1 ms
2022-04-25 14:06:10.446  INFO [ProcessPensionService,8df579d4bd7aeec9,c76904356f28996b] 6580 --- [http-nio-9084-exec-1] c.c.controller.ProcessPensionController  : STARTED - allDetail
2022-04-25 14:06:11.013  INFO [ProcessPensionService,8df579d4bd7aeec9,c76904356f28996b] 6580 --- [http-nio-9084-exec-1] c.c.controller.ProcessPensionController  : END - allDetail
2022-04-25 14:06:24.388  INFO [ProcessPensionService,f522a75a64fe9a1f,b50ebed82041ec5b] 6580 --- [http-nio-9084-exec-2] c.c.controller.ProcessPensionController  : STARTED - allDetail
2022-04-25 14:06:24.401  INFO [ProcessPensionService,f522a75a64fe9a1f,b50ebed82041ec5b] 6580 --- [http-nio-9084-exec-2] c.c.controller.ProcessPensionController  : END - allDetail
2022-04-25 14:06:46.750  INFO [ProcessPensionService,f0c452b233e089a9,d3bc96d61e56ae78] 6580 --- [http-nio-9084-exec-4] c.c.controller.ProcessPensionController  : STARTED - allDetail
2022-04-25 14:06:46.764  INFO [ProcessPensionService,f0c452b233e089a9,d3bc96d61e56ae78] 6580 --- [http-nio-9084-exec-4] c.c.controller.ProcessPensionController  : END - allDetail
